{"/Users/xiangweiniu/company2_explore/mainproject/backend/models.js": {"path":"/Users/xiangweiniu/company2_explore/mainproject/backend/models.js","statementMap":{"0":{"start":{"line":1,"column":17},"end":{"line":1,"column":36}},"1":{"start":{"line":3,"column":19},"end":{"line":25,"column":2}},"2":{"start":{"line":28,"column":19},"end":{"line":41,"column":2}},"3":{"start":{"line":43,"column":22},"end":{"line":64,"column":2}},"4":{"start":{"line":67,"column":13},"end":{"line":67,"column":47}},"5":{"start":{"line":68,"column":13},"end":{"line":68,"column":47}},"6":{"start":{"line":69,"column":16},"end":{"line":69,"column":56}},"7":{"start":{"line":86,"column":0},"end":{"line":86,"column":40}}},"fnMap":{},"branchMap":{},"s":{"0":1,"1":1,"2":1,"3":1,"4":1,"5":1,"6":1,"7":1},"f":{},"b":{},"_coverageSchema":"43e27e138ebf9cfc5966b082cf9a028302ed4184","hash":"04de1c519d4039faab06096cb00732f498a53ab5"}
,"/Users/xiangweiniu/company2_explore/mainproject/backend/src/app.js": {"path":"/Users/xiangweiniu/company2_explore/mainproject/backend/src/app.js","statementMap":{"0":{"start":{"line":1,"column":17},"end":{"line":1,"column":38}},"1":{"start":{"line":2,"column":19},"end":{"line":2,"column":42}},"2":{"start":{"line":3,"column":20},"end":{"line":3,"column":44}},"3":{"start":{"line":5,"column":16},"end":{"line":5,"column":34}},"4":{"start":{"line":6,"column":12},"end":{"line":6,"column":21}},"5":{"start":{"line":7,"column":17},"end":{"line":7,"column":36}},"6":{"start":{"line":11,"column":0},"end":{"line":15,"column":3}},"7":{"start":{"line":19,"column":0},"end":{"line":36,"column":3}},"8":{"start":{"line":22,"column":4},"end":{"line":22,"column":54}},"9":{"start":{"line":25,"column":4},"end":{"line":25,"column":92}},"10":{"start":{"line":28,"column":4},"end":{"line":28,"column":83}},"11":{"start":{"line":32,"column":4},"end":{"line":32,"column":60}},"12":{"start":{"line":35,"column":4},"end":{"line":35,"column":11}},"13":{"start":{"line":38,"column":0},"end":{"line":38,"column":24}},"14":{"start":{"line":43,"column":0},"end":{"line":43,"column":45}},"15":{"start":{"line":44,"column":0},"end":{"line":44,"column":45}},"16":{"start":{"line":54,"column":0},"end":{"line":54,"column":52}},"17":{"start":{"line":55,"column":0},"end":{"line":55,"column":46}},"18":{"start":{"line":56,"column":0},"end":{"line":56,"column":63}},"19":{"start":{"line":57,"column":0},"end":{"line":57,"column":68}},"20":{"start":{"line":58,"column":0},"end":{"line":58,"column":64}},"21":{"start":{"line":63,"column":0},"end":{"line":63,"column":59}},"22":{"start":{"line":64,"column":0},"end":{"line":64,"column":65}},"23":{"start":{"line":65,"column":0},"end":{"line":65,"column":67}},"24":{"start":{"line":66,"column":0},"end":{"line":66,"column":67}},"25":{"start":{"line":73,"column":0},"end":{"line":73,"column":61}},"26":{"start":{"line":74,"column":0},"end":{"line":74,"column":70}},"27":{"start":{"line":78,"column":0},"end":{"line":78,"column":48}},"28":{"start":{"line":79,"column":0},"end":{"line":79,"column":51}},"29":{"start":{"line":81,"column":0},"end":{"line":83,"column":1}}},"fnMap":{"0":{"name":"(anonymous_0)","decl":{"start":{"line":19,"column":8},"end":{"line":19,"column":9}},"loc":{"start":{"line":19,"column":34},"end":{"line":36,"column":1}},"line":19}},"branchMap":{},"s":{"0":1,"1":1,"2":1,"3":1,"4":1,"5":1,"6":1,"7":1,"8":46,"9":46,"10":46,"11":46,"12":46,"13":1,"14":1,"15":1,"16":1,"17":1,"18":1,"19":1,"20":1,"21":1,"22":1,"23":1,"24":1,"25":1,"26":1,"27":1,"28":1,"29":1},"f":{"0":46},"b":{},"_coverageSchema":"43e27e138ebf9cfc5966b082cf9a028302ed4184","hash":"c702dcb7a7601e1fc59e251ae7f4fa8398f1fd88"}
,"/Users/xiangweiniu/company2_explore/mainproject/backend/src/handlers.js": {"path":"/Users/xiangweiniu/company2_explore/mainproject/backend/src/handlers.js","statementMap":{"0":{"start":{"line":1,"column":12},"end":{"line":1,"column":35}},"1":{"start":{"line":2,"column":13},"end":{"line":2,"column":28}},"2":{"start":{"line":3,"column":11},"end":{"line":3,"column":24}},"3":{"start":{"line":4,"column":15},"end":{"line":4,"column":73}},"4":{"start":{"line":5,"column":23},"end":{"line":5,"column":43}},"5":{"start":{"line":12,"column":13},"end":{"line":21,"column":1}},"6":{"start":{"line":13,"column":4},"end":{"line":20,"column":5}},"7":{"start":{"line":14,"column":20},"end":{"line":14,"column":70}},"8":{"start":{"line":15,"column":23},"end":{"line":15,"column":46}},"9":{"start":{"line":16,"column":8},"end":{"line":16,"column":43}},"10":{"start":{"line":17,"column":8},"end":{"line":17,"column":14}},"11":{"start":{"line":19,"column":8},"end":{"line":19,"column":28}},"12":{"start":{"line":23,"column":21},"end":{"line":26,"column":1}},"13":{"start":{"line":24,"column":18},"end":{"line":24,"column":35}},"14":{"start":{"line":25,"column":4},"end":{"line":25,"column":20}},"15":{"start":{"line":28,"column":21},"end":{"line":31,"column":1}},"16":{"start":{"line":29,"column":18},"end":{"line":29,"column":35}},"17":{"start":{"line":30,"column":4},"end":{"line":30,"column":20}},"18":{"start":{"line":33,"column":24},"end":{"line":58,"column":1}},"19":{"start":{"line":35,"column":26},"end":{"line":35,"column":76}},"20":{"start":{"line":36,"column":27},"end":{"line":36,"column":71}},"21":{"start":{"line":38,"column":4},"end":{"line":41,"column":5}},"22":{"start":{"line":39,"column":8},"end":{"line":39,"column":28}},"23":{"start":{"line":40,"column":8},"end":{"line":40,"column":15}},"24":{"start":{"line":43,"column":17},"end":{"line":51,"column":6}},"25":{"start":{"line":54,"column":4},"end":{"line":54,"column":22}},"26":{"start":{"line":55,"column":4},"end":{"line":55,"column":24}},"27":{"start":{"line":60,"column":21},"end":{"line":90,"column":1}},"28":{"start":{"line":61,"column":17},"end":{"line":63,"column":6}},"29":{"start":{"line":64,"column":4},"end":{"line":68,"column":5}},"30":{"start":{"line":65,"column":8},"end":{"line":67,"column":10}},"31":{"start":{"line":70,"column":28},"end":{"line":73,"column":5}},"32":{"start":{"line":74,"column":4},"end":{"line":78,"column":5}},"33":{"start":{"line":75,"column":8},"end":{"line":77,"column":10}},"34":{"start":{"line":80,"column":18},"end":{"line":84,"column":6}},"35":{"start":{"line":86,"column":4},"end":{"line":89,"column":7}},"36":{"start":{"line":93,"column":22},"end":{"line":109,"column":1}},"37":{"start":{"line":94,"column":17},"end":{"line":96,"column":6}},"38":{"start":{"line":97,"column":4},"end":{"line":99,"column":5}},"39":{"start":{"line":98,"column":8},"end":{"line":98,"column":38}},"40":{"start":{"line":101,"column":4},"end":{"line":103,"column":5}},"41":{"start":{"line":102,"column":8},"end":{"line":102,"column":42}},"42":{"start":{"line":105,"column":4},"end":{"line":105,"column":33}},"43":{"start":{"line":107,"column":4},"end":{"line":107,"column":22}},"44":{"start":{"line":108,"column":4},"end":{"line":108,"column":31}},"45":{"start":{"line":113,"column":24},"end":{"line":137,"column":1}},"46":{"start":{"line":115,"column":19},"end":{"line":115,"column":27}},"47":{"start":{"line":117,"column":4},"end":{"line":119,"column":7}},"48":{"start":{"line":121,"column":4},"end":{"line":123,"column":5}},"49":{"start":{"line":122,"column":8},"end":{"line":122,"column":46}},"50":{"start":{"line":124,"column":17},"end":{"line":132,"column":6}},"51":{"start":{"line":134,"column":4},"end":{"line":134,"column":33}},"52":{"start":{"line":135,"column":4},"end":{"line":135,"column":22}},"53":{"start":{"line":136,"column":4},"end":{"line":136,"column":24}},"54":{"start":{"line":140,"column":23},"end":{"line":147,"column":1}},"55":{"start":{"line":141,"column":4},"end":{"line":146,"column":5}},"56":{"start":{"line":142,"column":8},"end":{"line":142,"column":27}},"57":{"start":{"line":144,"column":22},"end":{"line":144,"column":39}},"58":{"start":{"line":145,"column":8},"end":{"line":145,"column":24}},"59":{"start":{"line":151,"column":20},"end":{"line":173,"column":1}},"60":{"start":{"line":153,"column":17},"end":{"line":155,"column":6}},"61":{"start":{"line":156,"column":4},"end":{"line":159,"column":5}},"62":{"start":{"line":157,"column":8},"end":{"line":157,"column":28}},"63":{"start":{"line":158,"column":8},"end":{"line":158,"column":15}},"64":{"start":{"line":161,"column":17},"end":{"line":167,"column":6}},"65":{"start":{"line":169,"column":4},"end":{"line":169,"column":33}},"66":{"start":{"line":170,"column":4},"end":{"line":170,"column":22}},"67":{"start":{"line":171,"column":4},"end":{"line":171,"column":31}},"68":{"start":{"line":175,"column":23},"end":{"line":194,"column":1}},"69":{"start":{"line":176,"column":17},"end":{"line":178,"column":6}},"70":{"start":{"line":179,"column":4},"end":{"line":182,"column":5}},"71":{"start":{"line":180,"column":8},"end":{"line":180,"column":28}},"72":{"start":{"line":181,"column":8},"end":{"line":181,"column":15}},"73":{"start":{"line":183,"column":4},"end":{"line":186,"column":5}},"74":{"start":{"line":184,"column":8},"end":{"line":184,"column":28}},"75":{"start":{"line":185,"column":8},"end":{"line":185,"column":15}},"76":{"start":{"line":188,"column":4},"end":{"line":190,"column":7}},"77":{"start":{"line":192,"column":4},"end":{"line":192,"column":24}},"78":{"start":{"line":196,"column":24},"end":{"line":238,"column":1}},"79":{"start":{"line":199,"column":17},"end":{"line":201,"column":6}},"80":{"start":{"line":203,"column":4},"end":{"line":206,"column":5}},"81":{"start":{"line":204,"column":8},"end":{"line":204,"column":28}},"82":{"start":{"line":205,"column":8},"end":{"line":205,"column":15}},"83":{"start":{"line":208,"column":4},"end":{"line":212,"column":5}},"84":{"start":{"line":210,"column":8},"end":{"line":210,"column":28}},"85":{"start":{"line":211,"column":8},"end":{"line":211,"column":15}},"86":{"start":{"line":213,"column":4},"end":{"line":215,"column":5}},"87":{"start":{"line":214,"column":8},"end":{"line":214,"column":36}},"88":{"start":{"line":216,"column":4},"end":{"line":218,"column":5}},"89":{"start":{"line":217,"column":8},"end":{"line":217,"column":34}},"90":{"start":{"line":219,"column":4},"end":{"line":221,"column":5}},"91":{"start":{"line":220,"column":8},"end":{"line":220,"column":38}},"92":{"start":{"line":223,"column":4},"end":{"line":227,"column":5}},"93":{"start":{"line":225,"column":8},"end":{"line":225,"column":25}},"94":{"start":{"line":228,"column":4},"end":{"line":232,"column":5}},"95":{"start":{"line":230,"column":8},"end":{"line":230,"column":48}},"96":{"start":{"line":233,"column":4},"end":{"line":233,"column":33}},"97":{"start":{"line":235,"column":4},"end":{"line":235,"column":22}},"98":{"start":{"line":236,"column":4},"end":{"line":236,"column":19}},"99":{"start":{"line":240,"column":24},"end":{"line":245,"column":1}},"100":{"start":{"line":241,"column":17},"end":{"line":243,"column":6}},"101":{"start":{"line":244,"column":4},"end":{"line":244,"column":19}},"102":{"start":{"line":255,"column":0},"end":{"line":268,"column":2}}},"fnMap":{"0":{"name":"(anonymous_0)","decl":{"start":{"line":12,"column":13},"end":{"line":12,"column":14}},"loc":{"start":{"line":12,"column":39},"end":{"line":21,"column":1}},"line":12},"1":{"name":"(anonymous_1)","decl":{"start":{"line":23,"column":21},"end":{"line":23,"column":22}},"loc":{"start":{"line":23,"column":41},"end":{"line":26,"column":1}},"line":23},"2":{"name":"(anonymous_2)","decl":{"start":{"line":28,"column":21},"end":{"line":28,"column":22}},"loc":{"start":{"line":28,"column":41},"end":{"line":31,"column":1}},"line":28},"3":{"name":"(anonymous_3)","decl":{"start":{"line":33,"column":24},"end":{"line":33,"column":25}},"loc":{"start":{"line":33,"column":44},"end":{"line":58,"column":1}},"line":33},"4":{"name":"(anonymous_4)","decl":{"start":{"line":60,"column":21},"end":{"line":60,"column":22}},"loc":{"start":{"line":60,"column":41},"end":{"line":90,"column":1}},"line":60},"5":{"name":"(anonymous_5)","decl":{"start":{"line":93,"column":22},"end":{"line":93,"column":23}},"loc":{"start":{"line":93,"column":42},"end":{"line":109,"column":1}},"line":93},"6":{"name":"(anonymous_6)","decl":{"start":{"line":113,"column":24},"end":{"line":113,"column":25}},"loc":{"start":{"line":113,"column":44},"end":{"line":137,"column":1}},"line":113},"7":{"name":"(anonymous_7)","decl":{"start":{"line":140,"column":23},"end":{"line":140,"column":24}},"loc":{"start":{"line":140,"column":43},"end":{"line":147,"column":1}},"line":140},"8":{"name":"(anonymous_8)","decl":{"start":{"line":151,"column":20},"end":{"line":151,"column":21}},"loc":{"start":{"line":151,"column":40},"end":{"line":173,"column":1}},"line":151},"9":{"name":"(anonymous_9)","decl":{"start":{"line":175,"column":23},"end":{"line":175,"column":24}},"loc":{"start":{"line":175,"column":43},"end":{"line":194,"column":1}},"line":175},"10":{"name":"(anonymous_10)","decl":{"start":{"line":196,"column":24},"end":{"line":196,"column":25}},"loc":{"start":{"line":196,"column":44},"end":{"line":238,"column":1}},"line":196},"11":{"name":"(anonymous_11)","decl":{"start":{"line":240,"column":24},"end":{"line":240,"column":25}},"loc":{"start":{"line":240,"column":44},"end":{"line":245,"column":1}},"line":240}},"branchMap":{"0":{"loc":{"start":{"line":38,"column":4},"end":{"line":41,"column":5}},"type":"if","locations":[{"start":{"line":38,"column":4},"end":{"line":41,"column":5}},{"start":{"line":38,"column":4},"end":{"line":41,"column":5}}],"line":38},"1":{"loc":{"start":{"line":38,"column":8},"end":{"line":38,"column":39}},"type":"binary-expr","locations":[{"start":{"line":38,"column":8},"end":{"line":38,"column":21}},{"start":{"line":38,"column":25},"end":{"line":38,"column":39}}],"line":38},"2":{"loc":{"start":{"line":64,"column":4},"end":{"line":68,"column":5}},"type":"if","locations":[{"start":{"line":64,"column":4},"end":{"line":68,"column":5}},{"start":{"line":64,"column":4},"end":{"line":68,"column":5}}],"line":64},"3":{"loc":{"start":{"line":74,"column":4},"end":{"line":78,"column":5}},"type":"if","locations":[{"start":{"line":74,"column":4},"end":{"line":78,"column":5}},{"start":{"line":74,"column":4},"end":{"line":78,"column":5}}],"line":74},"4":{"loc":{"start":{"line":97,"column":4},"end":{"line":99,"column":5}},"type":"if","locations":[{"start":{"line":97,"column":4},"end":{"line":99,"column":5}},{"start":{"line":97,"column":4},"end":{"line":99,"column":5}}],"line":97},"5":{"loc":{"start":{"line":101,"column":4},"end":{"line":103,"column":5}},"type":"if","locations":[{"start":{"line":101,"column":4},"end":{"line":103,"column":5}},{"start":{"line":101,"column":4},"end":{"line":103,"column":5}}],"line":101},"6":{"loc":{"start":{"line":121,"column":4},"end":{"line":123,"column":5}},"type":"if","locations":[{"start":{"line":121,"column":4},"end":{"line":123,"column":5}},{"start":{"line":121,"column":4},"end":{"line":123,"column":5}}],"line":121},"7":{"loc":{"start":{"line":141,"column":4},"end":{"line":146,"column":5}},"type":"if","locations":[{"start":{"line":141,"column":4},"end":{"line":146,"column":5}},{"start":{"line":141,"column":4},"end":{"line":146,"column":5}}],"line":141},"8":{"loc":{"start":{"line":156,"column":4},"end":{"line":159,"column":5}},"type":"if","locations":[{"start":{"line":156,"column":4},"end":{"line":159,"column":5}},{"start":{"line":156,"column":4},"end":{"line":159,"column":5}}],"line":156},"9":{"loc":{"start":{"line":156,"column":8},"end":{"line":156,"column":51}},"type":"binary-expr","locations":[{"start":{"line":156,"column":8},"end":{"line":156,"column":28}},{"start":{"line":156,"column":32},"end":{"line":156,"column":51}}],"line":156},"10":{"loc":{"start":{"line":179,"column":4},"end":{"line":182,"column":5}},"type":"if","locations":[{"start":{"line":179,"column":4},"end":{"line":182,"column":5}},{"start":{"line":179,"column":4},"end":{"line":182,"column":5}}],"line":179},"11":{"loc":{"start":{"line":183,"column":4},"end":{"line":186,"column":5}},"type":"if","locations":[{"start":{"line":183,"column":4},"end":{"line":186,"column":5}},{"start":{"line":183,"column":4},"end":{"line":186,"column":5}}],"line":183},"12":{"loc":{"start":{"line":183,"column":8},"end":{"line":183,"column":67}},"type":"binary-expr","locations":[{"start":{"line":183,"column":8},"end":{"line":183,"column":33}},{"start":{"line":183,"column":37},"end":{"line":183,"column":67}}],"line":183},"13":{"loc":{"start":{"line":203,"column":4},"end":{"line":206,"column":5}},"type":"if","locations":[{"start":{"line":203,"column":4},"end":{"line":206,"column":5}},{"start":{"line":203,"column":4},"end":{"line":206,"column":5}}],"line":203},"14":{"loc":{"start":{"line":208,"column":4},"end":{"line":212,"column":5}},"type":"if","locations":[{"start":{"line":208,"column":4},"end":{"line":212,"column":5}},{"start":{"line":208,"column":4},"end":{"line":212,"column":5}}],"line":208},"15":{"loc":{"start":{"line":213,"column":4},"end":{"line":215,"column":5}},"type":"if","locations":[{"start":{"line":213,"column":4},"end":{"line":215,"column":5}},{"start":{"line":213,"column":4},"end":{"line":215,"column":5}}],"line":213},"16":{"loc":{"start":{"line":216,"column":4},"end":{"line":218,"column":5}},"type":"if","locations":[{"start":{"line":216,"column":4},"end":{"line":218,"column":5}},{"start":{"line":216,"column":4},"end":{"line":218,"column":5}}],"line":216},"17":{"loc":{"start":{"line":219,"column":4},"end":{"line":221,"column":5}},"type":"if","locations":[{"start":{"line":219,"column":4},"end":{"line":221,"column":5}},{"start":{"line":219,"column":4},"end":{"line":221,"column":5}}],"line":219},"18":{"loc":{"start":{"line":223,"column":4},"end":{"line":227,"column":5}},"type":"if","locations":[{"start":{"line":223,"column":4},"end":{"line":227,"column":5}},{"start":{"line":223,"column":4},"end":{"line":227,"column":5}}],"line":223},"19":{"loc":{"start":{"line":228,"column":4},"end":{"line":232,"column":5}},"type":"if","locations":[{"start":{"line":228,"column":4},"end":{"line":232,"column":5}},{"start":{"line":228,"column":4},"end":{"line":232,"column":5}}],"line":228}},"s":{"0":1,"1":1,"2":1,"3":1,"4":1,"5":1,"6":25,"7":25,"8":25,"9":24,"10":24,"11":1,"12":1,"13":1,"14":1,"15":1,"16":5,"17":5,"18":1,"19":3,"20":3,"21":3,"22":2,"23":2,"24":1,"25":1,"26":1,"27":1,"28":7,"29":7,"30":1,"31":6,"32":6,"33":1,"34":5,"35":5,"36":1,"37":1,"38":1,"39":1,"40":1,"41":1,"42":1,"43":1,"44":1,"45":1,"46":1,"47":1,"48":1,"49":1,"50":1,"51":1,"52":1,"53":1,"54":1,"55":2,"56":1,"57":1,"58":1,"59":1,"60":6,"61":6,"62":2,"63":2,"64":4,"65":4,"66":4,"67":4,"68":1,"69":4,"70":4,"71":1,"72":1,"73":3,"74":1,"75":1,"76":2,"77":2,"78":1,"79":4,"80":4,"81":1,"82":1,"83":3,"84":1,"85":1,"86":2,"87":1,"88":2,"89":1,"90":2,"91":1,"92":2,"93":1,"94":2,"95":1,"96":2,"97":2,"98":2,"99":1,"100":1,"101":1,"102":1},"f":{"0":25,"1":1,"2":5,"3":3,"4":7,"5":1,"6":1,"7":2,"8":6,"9":4,"10":4,"11":1},"b":{"0":[2,1],"1":[3,1],"2":[1,6],"3":[1,5],"4":[1,0],"5":[1,0],"6":[1,0],"7":[1,1],"8":[2,4],"9":[6,5],"10":[1,3],"11":[1,2],"12":[3,2],"13":[1,3],"14":[1,2],"15":[1,1],"16":[1,1],"17":[1,1],"18":[1,1],"19":[1,1]},"_coverageSchema":"43e27e138ebf9cfc5966b082cf9a028302ed4184","hash":"57dce694f0d6fbe60ee1510d4f0f712fd2d0dbd6"}
,"/Users/xiangweiniu/company2_explore/mainproject/backend/src/mailHandles.js": {"path":"/Users/xiangweiniu/company2_explore/mainproject/backend/src/mailHandles.js","statementMap":{"0":{"start":{"line":1,"column":12},"end":{"line":1,"column":35}},"1":{"start":{"line":2,"column":11},"end":{"line":2,"column":24}},"2":{"start":{"line":3,"column":13},"end":{"line":3,"column":28}},"3":{"start":{"line":4,"column":15},"end":{"line":4,"column":73}},"4":{"start":{"line":5,"column":16},"end":{"line":5,"column":36}},"5":{"start":{"line":6,"column":17},"end":{"line":6,"column":38}},"6":{"start":{"line":7,"column":13},"end":{"line":7,"column":30}},"7":{"start":{"line":61,"column":21},"end":{"line":101,"column":1}},"8":{"start":{"line":62,"column":17},"end":{"line":64,"column":6}},"9":{"start":{"line":67,"column":4},"end":{"line":72,"column":5}},"10":{"start":{"line":68,"column":8},"end":{"line":70,"column":11}},"11":{"start":{"line":71,"column":8},"end":{"line":71,"column":15}},"12":{"start":{"line":73,"column":20},"end":{"line":73,"column":30}},"13":{"start":{"line":74,"column":4},"end":{"line":79,"column":5}},"14":{"start":{"line":75,"column":8},"end":{"line":77,"column":11}},"15":{"start":{"line":78,"column":8},"end":{"line":78,"column":15}},"16":{"start":{"line":81,"column":18},"end":{"line":81,"column":62}},"17":{"start":{"line":83,"column":4},"end":{"line":83,"column":23}},"18":{"start":{"line":86,"column":4},"end":{"line":86,"column":36}},"19":{"start":{"line":87,"column":4},"end":{"line":87,"column":53}},"20":{"start":{"line":88,"column":4},"end":{"line":88,"column":16}},"21":{"start":{"line":98,"column":4},"end":{"line":99,"column":23}},"22":{"start":{"line":103,"column":19},"end":{"line":139,"column":1}},"23":{"start":{"line":104,"column":4},"end":{"line":138,"column":5}},"24":{"start":{"line":105,"column":21},"end":{"line":107,"column":10}},"25":{"start":{"line":109,"column":8},"end":{"line":114,"column":9}},"26":{"start":{"line":110,"column":12},"end":{"line":112,"column":15}},"27":{"start":{"line":113,"column":12},"end":{"line":113,"column":19}},"28":{"start":{"line":116,"column":24},"end":{"line":116,"column":86}},"29":{"start":{"line":118,"column":8},"end":{"line":123,"column":9}},"30":{"start":{"line":119,"column":12},"end":{"line":121,"column":15}},"31":{"start":{"line":122,"column":12},"end":{"line":122,"column":19}},"32":{"start":{"line":125,"column":8},"end":{"line":125,"column":74}},"33":{"start":{"line":126,"column":8},"end":{"line":126,"column":44}},"34":{"start":{"line":127,"column":8},"end":{"line":127,"column":46}},"35":{"start":{"line":129,"column":8},"end":{"line":129,"column":20}},"36":{"start":{"line":131,"column":8},"end":{"line":133,"column":11}},"37":{"start":{"line":135,"column":8},"end":{"line":137,"column":11}},"38":{"start":{"line":141,"column":0},"end":{"line":145,"column":2}}},"fnMap":{"0":{"name":"(anonymous_0)","decl":{"start":{"line":61,"column":21},"end":{"line":61,"column":22}},"loc":{"start":{"line":61,"column":41},"end":{"line":101,"column":1}},"line":61},"1":{"name":"(anonymous_1)","decl":{"start":{"line":103,"column":19},"end":{"line":103,"column":20}},"loc":{"start":{"line":103,"column":39},"end":{"line":139,"column":1}},"line":103}},"branchMap":{"0":{"loc":{"start":{"line":67,"column":4},"end":{"line":72,"column":5}},"type":"if","locations":[{"start":{"line":67,"column":4},"end":{"line":72,"column":5}},{"start":{"line":67,"column":4},"end":{"line":72,"column":5}}],"line":67},"1":{"loc":{"start":{"line":74,"column":4},"end":{"line":79,"column":5}},"type":"if","locations":[{"start":{"line":74,"column":4},"end":{"line":79,"column":5}},{"start":{"line":74,"column":4},"end":{"line":79,"column":5}}],"line":74},"2":{"loc":{"start":{"line":109,"column":8},"end":{"line":114,"column":9}},"type":"if","locations":[{"start":{"line":109,"column":8},"end":{"line":114,"column":9}},{"start":{"line":109,"column":8},"end":{"line":114,"column":9}}],"line":109},"3":{"loc":{"start":{"line":116,"column":24},"end":{"line":116,"column":86}},"type":"cond-expr","locations":[{"start":{"line":116,"column":74},"end":{"line":116,"column":79}},{"start":{"line":116,"column":82},"end":{"line":116,"column":86}}],"line":116},"4":{"loc":{"start":{"line":118,"column":8},"end":{"line":123,"column":9}},"type":"if","locations":[{"start":{"line":118,"column":8},"end":{"line":123,"column":9}},{"start":{"line":118,"column":8},"end":{"line":123,"column":9}}],"line":118}},"s":{"0":1,"1":1,"2":1,"3":1,"4":1,"5":1,"6":1,"7":1,"8":3,"9":3,"10":1,"11":1,"12":2,"13":2,"14":1,"15":1,"16":1,"17":1,"18":1,"19":1,"20":1,"21":1,"22":1,"23":2,"24":2,"25":2,"26":1,"27":1,"28":1,"29":1,"30":0,"31":0,"32":1,"33":1,"34":1,"35":1,"36":1,"37":0,"38":1},"f":{"0":3,"1":2},"b":{"0":[1,2],"1":[1,1],"2":[1,1],"3":[1,0],"4":[0,1]},"_coverageSchema":"43e27e138ebf9cfc5966b082cf9a028302ed4184","hash":"521094a6b04f73eab6041d806aab2191c447371f"}
,"/Users/xiangweiniu/company2_explore/mainproject/backend/src/msgHandles.js": {"path":"/Users/xiangweiniu/company2_explore/mainproject/backend/src/msgHandles.js","statementMap":{"0":{"start":{"line":1,"column":32},"end":{"line":1,"column":52}},"1":{"start":{"line":4,"column":20},"end":{"line":42,"column":1}},"2":{"start":{"line":5,"column":18},"end":{"line":5,"column":35}},"3":{"start":{"line":6,"column":18},"end":{"line":6,"column":35}},"4":{"start":{"line":7,"column":16},"end":{"line":7,"column":32}},"5":{"start":{"line":9,"column":21},"end":{"line":13,"column":6}},"6":{"start":{"line":15,"column":4},"end":{"line":34,"column":5}},"7":{"start":{"line":16,"column":24},"end":{"line":16,"column":40}},"8":{"start":{"line":17,"column":8},"end":{"line":21,"column":10}},"9":{"start":{"line":22,"column":8},"end":{"line":22,"column":30}},"10":{"start":{"line":25,"column":24},"end":{"line":32,"column":10}},"11":{"start":{"line":33,"column":8},"end":{"line":33,"column":29}},"12":{"start":{"line":35,"column":24},"end":{"line":39,"column":6}},"13":{"start":{"line":41,"column":4},"end":{"line":41,"column":38}},"14":{"start":{"line":44,"column":27},"end":{"line":55,"column":1}},"15":{"start":{"line":45,"column":18},"end":{"line":45,"column":35}},"16":{"start":{"line":46,"column":18},"end":{"line":46,"column":35}},"17":{"start":{"line":48,"column":21},"end":{"line":52,"column":6}},"18":{"start":{"line":54,"column":4},"end":{"line":54,"column":35}},"19":{"start":{"line":60,"column":0},"end":{"line":63,"column":2}}},"fnMap":{"0":{"name":"(anonymous_0)","decl":{"start":{"line":4,"column":20},"end":{"line":4,"column":21}},"loc":{"start":{"line":4,"column":40},"end":{"line":42,"column":1}},"line":4},"1":{"name":"(anonymous_1)","decl":{"start":{"line":44,"column":27},"end":{"line":44,"column":28}},"loc":{"start":{"line":44,"column":47},"end":{"line":55,"column":1}},"line":44}},"branchMap":{"0":{"loc":{"start":{"line":15,"column":4},"end":{"line":34,"column":5}},"type":"if","locations":[{"start":{"line":15,"column":4},"end":{"line":34,"column":5}},{"start":{"line":15,"column":4},"end":{"line":34,"column":5}}],"line":15},"1":{"loc":{"start":{"line":18,"column":23},"end":{"line":18,"column":81}},"type":"binary-expr","locations":[{"start":{"line":18,"column":23},"end":{"line":18,"column":50}},{"start":{"line":18,"column":54},"end":{"line":18,"column":81}}],"line":18}},"s":{"0":1,"1":1,"2":3,"3":3,"4":3,"5":3,"6":3,"7":2,"8":2,"9":2,"10":1,"11":1,"12":3,"13":3,"14":1,"15":2,"16":2,"17":2,"18":2,"19":1},"f":{"0":3,"1":2},"b":{"0":[2,1],"1":[2,1]},"_coverageSchema":"43e27e138ebf9cfc5966b082cf9a028302ed4184","hash":"3ebf0697725cd4a485759fda9150f7348b973803"}
}
