TN:
SF:/Users/xiangweiniu/company2_explore/mainproject/backend/models.js
FNF:0
FNH:0
DA:1,1
DA:3,1
DA:28,1
DA:43,1
DA:67,1
DA:68,1
DA:69,1
DA:86,1
LF:8
LH:8
BRF:0
BRH:0
end_of_record
TN:
SF:/Users/xiangweiniu/company2_explore/mainproject/backend/src/app.js
FN:19,(anonymous_0)
FNF:1
FNH:1
FNDA:46,(anonymous_0)
DA:1,1
DA:2,1
DA:3,1
DA:5,1
DA:6,1
DA:7,1
DA:11,1
DA:19,1
DA:22,46
DA:25,46
DA:28,46
DA:32,46
DA:35,46
DA:38,1
DA:43,1
DA:44,1
DA:54,1
DA:55,1
DA:56,1
DA:57,1
DA:58,1
DA:63,1
DA:64,1
DA:65,1
DA:66,1
DA:73,1
DA:74,1
DA:78,1
DA:79,1
DA:81,1
LF:30
LH:30
BRF:0
BRH:0
end_of_record
TN:
SF:/Users/xiangweiniu/company2_explore/mainproject/backend/src/handlers.js
FN:12,(anonymous_0)
FN:23,(anonymous_1)
FN:28,(anonymous_2)
FN:33,(anonymous_3)
FN:60,(anonymous_4)
FN:93,(anonymous_5)
FN:113,(anonymous_6)
FN:140,(anonymous_7)
FN:151,(anonymous_8)
FN:175,(anonymous_9)
FN:196,(anonymous_10)
FN:240,(anonymous_11)
FNF:12
FNH:12
FNDA:25,(anonymous_0)
FNDA:1,(anonymous_1)
FNDA:5,(anonymous_2)
FNDA:3,(anonymous_3)
FNDA:7,(anonymous_4)
FNDA:1,(anonymous_5)
FNDA:1,(anonymous_6)
FNDA:2,(anonymous_7)
FNDA:6,(anonymous_8)
FNDA:4,(anonymous_9)
FNDA:4,(anonymous_10)
FNDA:1,(anonymous_11)
DA:1,1
DA:2,1
DA:3,1
DA:4,1
DA:5,1
DA:12,1
DA:13,25
DA:14,25
DA:15,25
DA:16,24
DA:17,24
DA:19,1
DA:23,1
DA:24,1
DA:25,1
DA:28,1
DA:29,5
DA:30,5
DA:33,1
DA:35,3
DA:36,3
DA:38,3
DA:39,2
DA:40,2
DA:43,1
DA:54,1
DA:55,1
DA:60,1
DA:61,7
DA:64,7
DA:65,1
DA:70,6
DA:74,6
DA:75,1
DA:80,5
DA:86,5
DA:93,1
DA:94,1
DA:97,1
DA:98,1
DA:101,1
DA:102,1
DA:105,1
DA:107,1
DA:108,1
DA:113,1
DA:115,1
DA:117,1
DA:121,1
DA:122,1
DA:124,1
DA:134,1
DA:135,1
DA:136,1
DA:140,1
DA:141,2
DA:142,1
DA:144,1
DA:145,1
DA:151,1
DA:153,6
DA:156,6
DA:157,2
DA:158,2
DA:161,4
DA:169,4
DA:170,4
DA:171,4
DA:175,1
DA:176,4
DA:179,4
DA:180,1
DA:181,1
DA:183,3
DA:184,1
DA:185,1
DA:188,2
DA:192,2
DA:196,1
DA:199,4
DA:203,4
DA:204,1
DA:205,1
DA:208,3
DA:210,1
DA:211,1
DA:213,2
DA:214,1
DA:216,2
DA:217,1
DA:219,2
DA:220,1
DA:223,2
DA:225,1
DA:228,2
DA:230,1
DA:233,2
DA:235,2
DA:236,2
DA:240,1
DA:241,1
DA:244,1
DA:255,1
LF:103
LH:103
BRDA:38,0,0,2
BRDA:38,0,1,1
BRDA:38,1,0,3
BRDA:38,1,1,1
BRDA:64,2,0,1
BRDA:64,2,1,6
BRDA:74,3,0,1
BRDA:74,3,1,5
BRDA:97,4,0,1
BRDA:97,4,1,0
BRDA:101,5,0,1
BRDA:101,5,1,0
BRDA:121,6,0,1
BRDA:121,6,1,0
BRDA:141,7,0,1
BRDA:141,7,1,1
BRDA:156,8,0,2
BRDA:156,8,1,4
BRDA:156,9,0,6
BRDA:156,9,1,5
BRDA:179,10,0,1
BRDA:179,10,1,3
BRDA:183,11,0,1
BRDA:183,11,1,2
BRDA:183,12,0,3
BRDA:183,12,1,2
BRDA:203,13,0,1
BRDA:203,13,1,3
BRDA:208,14,0,1
BRDA:208,14,1,2
BRDA:213,15,0,1
BRDA:213,15,1,1
BRDA:216,16,0,1
BRDA:216,16,1,1
BRDA:219,17,0,1
BRDA:219,17,1,1
BRDA:223,18,0,1
BRDA:223,18,1,1
BRDA:228,19,0,1
BRDA:228,19,1,1
BRF:40
BRH:37
end_of_record
TN:
SF:/Users/xiangweiniu/company2_explore/mainproject/backend/src/mailHandles.js
FN:61,(anonymous_0)
FN:103,(anonymous_1)
FNF:2
FNH:2
FNDA:3,(anonymous_0)
FNDA:2,(anonymous_1)
DA:1,1
DA:2,1
DA:3,1
DA:4,1
DA:5,1
DA:6,1
DA:7,1
DA:61,1
DA:62,3
DA:67,3
DA:68,1
DA:71,1
DA:73,2
DA:74,2
DA:75,1
DA:78,1
DA:81,1
DA:83,1
DA:86,1
DA:87,1
DA:88,1
DA:98,1
DA:103,1
DA:104,2
DA:105,2
DA:109,2
DA:110,1
DA:113,1
DA:116,1
DA:118,1
DA:119,0
DA:122,0
DA:125,1
DA:126,1
DA:127,1
DA:129,1
DA:131,1
DA:135,0
DA:141,1
LF:39
LH:36
BRDA:67,0,0,1
BRDA:67,0,1,2
BRDA:74,1,0,1
BRDA:74,1,1,1
BRDA:109,2,0,1
BRDA:109,2,1,1
BRDA:116,3,0,1
BRDA:116,3,1,0
BRDA:118,4,0,0
BRDA:118,4,1,1
BRF:10
BRH:8
end_of_record
TN:
SF:/Users/xiangweiniu/company2_explore/mainproject/backend/src/msgHandles.js
FN:4,(anonymous_0)
FN:44,(anonymous_1)
FNF:2
FNH:2
FNDA:3,(anonymous_0)
FNDA:2,(anonymous_1)
DA:1,1
DA:4,1
DA:5,3
DA:6,3
DA:7,3
DA:9,3
DA:15,3
DA:16,2
DA:17,2
DA:22,2
DA:25,1
DA:33,1
DA:35,3
DA:41,3
DA:44,1
DA:45,2
DA:46,2
DA:48,2
DA:54,2
DA:60,1
LF:20
LH:20
BRDA:15,0,0,2
BRDA:15,0,1,1
BRDA:18,1,0,2
BRDA:18,1,1,1
BRF:4
BRH:4
end_of_record
